<?xml version="1.0" encoding="UTF-8"?>
<!-- Generated by org.testng.reporters.JUnitReportReporter -->
<testsuite hostname="LTIN509708" failures="0" tests="1" name="testScenario.TestCaseHealth" time="4.581" errors="0" timestamp="2024-04-22T18:16:01 IST" skipped="0">
  <testcase classname="testScenario.TestCaseHealth" name="healthInsuranceMenuItems" time="4.581"/>
</testsuite> <!-- testScenario.TestCaseHealth -->
