<?xml version="1.0" encoding="UTF-8"?>
<!-- Generated by org.testng.reporters.JUnitReportReporter -->
<testsuite hostname="LTIN509708" failures="0" tests="5" name="testRunner.TravelTestRunner" time="207.973" errors="0" timestamp="2024-04-22T18:55:04 IST" skipped="0">
  <testcase classname="testRunner.TravelTestRunner" name="runScenario" time="20.339"/>
  <testcase classname="testRunner.TravelTestRunner" name="runScenario" time="17.412"/>
  <testcase classname="testRunner.TravelTestRunner" name="runScenario" time="65.510"/>
  <testcase classname="testRunner.TravelTestRunner" name="runScenario" time="3.170"/>
  <testcase classname="testRunner.TravelTestRunner" name="runScenario" time="101.542"/>
</testsuite> <!-- testRunner.TravelTestRunner -->
