<?xml version="1.0" encoding="UTF-8"?>
<!-- Generated by org.testng.reporters.JUnitReportReporter -->
<testsuite hostname="LTIN509708" failures="0" tests="7" name="testScenario.TestCaseTravel" time="90.902" errors="0" timestamp="2024-04-22T18:16:01 IST" skipped="0">
  <testcase classname="testScenario.TestCaseTravel" name="clickTravelInsurance" time="17.020"/>
  <testcase classname="testScenario.TestCaseTravel" name="clickStartDate" time="19.607"/>
  <testcase classname="testScenario.TestCaseTravel" name="selectAges" time="19.836"/>
  <testcase classname="testScenario.TestCaseTravel" name="enterContactDetais" time="9.859"/>
  <testcase classname="testScenario.TestCaseTravel" name="enterStudentPlans" time="12.661"/>
  <testcase classname="testScenario.TestCaseTravel" name="selectSorts" time="7.300"/>
  <testcase classname="testScenario.TestCaseTravel" name="insurerNameAndPlanPrice" time="4.619"/>
</testsuite> <!-- testScenario.TestCaseTravel -->
