<?xml version="1.0" encoding="UTF-8"?>
<!-- Generated by org.testng.reporters.JUnitReportReporter -->
<testsuite hostname="LTIN509708" failures="0" tests="2" name="testScenario.Acronym_App_Validation_Main" time="0.036" errors="0" timestamp="2024-03-27T17:23:30 IST" skipped="0">
  <testcase classname="testScenario.Acronym_App_Validation_Main" name="verifyTitle" time="0.022"/>
  <testcase classname="testScenario.Acronym_App_Validation_Main" name="verifyTitle" time="0.014"/>
</testsuite> <!-- testScenario.Acronym_App_Validation_Main -->
